<?xml version="1.0" encoding="UTF-8"?>
<!-- Generated by org.testng.reporters.JUnitReportReporter -->
<testsuite skipped="0" hostname="DESKTOP-I602HU4" name="com.qa.freecrm.testlayers.HomePageTest" tests="11" failures="0" timestamp="2022-09-28T21:22:53 IST" time="12.383" errors="0">
  <testcase name="titleVerificationTest" time="0.017" classname="com.qa.freecrm.testlayers.HomePageTest"/>
  <system-out/>
  <testcase name="logoDisplayTest" time="1.998" classname="com.qa.freecrm.testlayers.HomePageTest"/>
  <system-out/>
  <testcase name="userNameDisplayTest" time="0.105" classname="com.qa.freecrm.testlayers.HomePageTest"/>
  <system-out/>
  <testcase name="enabilityOfSearchbarTest" time="0.027" classname="com.qa.freecrm.testlayers.HomePageTest"/>
  <system-out/>
  <testcase name="sidePannelEnabilityTest" time="2.761" classname="com.qa.freecrm.testlayers.HomePageTest"/>
  <system-out/>
  <testcase name="mainContentDisplayTest" time="0.945" classname="com.qa.freecrm.testlayers.HomePageTest"/>
  <system-out/>
  <testcase name="clickOnCompaniesTest" time="1.382" classname="com.qa.freecrm.testlayers.HomePageTest"/>
  <system-out/>
  <testcase name="clickOnTaskTest" time="1.350" classname="com.qa.freecrm.testlayers.HomePageTest"/>
  <system-out/>
  <testcase name="clickOnDealsTest" time="1.417" classname="com.qa.freecrm.testlayers.HomePageTest"/>
  <system-out/>
  <testcase name="clickOnCalendarTest" time="1.047" classname="com.qa.freecrm.testlayers.HomePageTest"/>
  <system-out/>
  <testcase name="clickOnContactTest" time="1.334" classname="com.qa.freecrm.testlayers.HomePageTest"/>
  <system-out/>
</testsuite> <!-- com.qa.freecrm.testlayers.HomePageTest -->
