<?xml version="1.0" encoding="UTF-8"?>
<!-- Generated by org.testng.reporters.JUnitReportReporter -->
<testsuite skipped="1" hostname="DESKTOP-I602HU4" name="com.qa.freecrm.testlayers.ContactPageTest" tests="6" failures="0" timestamp="2022-09-24T21:49:30 IST" time="23.889" errors="0">
  <testcase name="creatNewContactTest" time="4.737" classname="com.qa.freecrm.testlayers.ContactPageTest"/>
  <system-out/>
  <testcase name="creatNewContactTest" time="4.296" classname="com.qa.freecrm.testlayers.ContactPageTest"/>
  <system-out/>
  <testcase name="creatNewContactTest" time="5.404" classname="com.qa.freecrm.testlayers.ContactPageTest"/>
  <system-out/>
  <testcase name="creatNewContactTest" time="4.428" classname="com.qa.freecrm.testlayers.ContactPageTest"/>
  <system-out/>
  <testcase name="creatNewContactTest" time="5.024" classname="com.qa.freecrm.testlayers.ContactPageTest"/>
  <system-out/>
  <testcase name="viewDropdownEnabilityTest" classname="com.qa.freecrm.testlayers.ContactPageTest">
    <skipped/>
  </testcase> <!-- viewDropdownEnabilityTest -->
  <system-out/>
</testsuite> <!-- com.qa.freecrm.testlayers.ContactPageTest -->
