<?xml version="1.0" encoding="UTF-8"?>
<!-- Generated by org.testng.reporters.JUnitReportReporter -->
<testsuite skipped="0" hostname="DESKTOP-I602HU4" name="com.qa.freecrm.testlayers.TestngMetod" tests="3" failures="0" timestamp="2022-08-09T12:25:26 IST" time="0.018" errors="0">
  <testcase name="test3" time="0.003" classname="com.qa.freecrm.testlayers.TestngMetod"/>
  <system-out/>
  <testcase name="test1" time="0.008" classname="com.qa.freecrm.testlayers.TestngMetod"/>
  <system-out/>
  <testcase name="test2" time="0.007" classname="com.qa.freecrm.testlayers.TestngMetod"/>
  <system-out/>
</testsuite> <!-- com.qa.freecrm.testlayers.TestngMetod -->
